2020-11-12 10:52:00,800 ERROR [main] com.modelengineers.mxam.core.MXAMUtil: Unable to resolve search paths.
com.modelengineers.mxam.core.logic.ManagerPrefsConfigException: Unable to load MXAM preferences. C:\Users\vladvojn\AppData\Roaming\MES\MXAM_DRIVE\5_1_0_3445410f\workspace\.metadata\.plugins\org.eclipse.core.runtime\.settings\com.modelengineers.mxam.ui.common.prefs (Das System kann die angegebene Datei nicht finden)
	at com.modelengineers.mxam.core.MXAMUtil.loadProperties(Unknown Source)
	at com.modelengineers.mxam.core.MXAMUtil.createUserLibraries(Unknown Source)
	at com.modelengineers.mxam.core.MXAM.initUserDirectory(Unknown Source)
	at com.modelengineers.mxam.ui.Application.initUserDirectory(Unknown Source)
	at com.modelengineers.mxam.ui.Application.start(Unknown Source)
	at org.eclipse.equinox.internal.app.EclipseAppHandle.run(EclipseAppHandle.java:196)
	at org.eclipse.core.runtime.internal.adaptor.EclipseAppLauncher.runApplication(EclipseAppLauncher.java:110)
	at org.eclipse.core.runtime.internal.adaptor.EclipseAppLauncher.start(EclipseAppLauncher.java:79)
	at org.eclipse.core.runtime.adaptor.EclipseStarter.run(EclipseStarter.java:353)
	at org.eclipse.core.runtime.adaptor.EclipseStarter.run(EclipseStarter.java:180)
	at sun.reflect.NativeMethodAccessorImpl.invoke0(Native Method)
	at sun.reflect.NativeMethodAccessorImpl.invoke(NativeMethodAccessorImpl.java:57)
	at sun.reflect.DelegatingMethodAccessorImpl.invoke(DelegatingMethodAccessorImpl.java:43)
	at java.lang.reflect.Method.invoke(Method.java:606)
	at org.eclipse.equinox.launcher.Main.invokeFramework(Main.java:629)
	at org.eclipse.equinox.launcher.Main.basicRun(Main.java:584)
	at org.eclipse.equinox.launcher.Main.run(Main.java:1438)
Caused by: java.io.FileNotFoundException: C:\Users\vladvojn\AppData\Roaming\MES\MXAM_DRIVE\5_1_0_3445410f\workspace\.metadata\.plugins\org.eclipse.core.runtime\.settings\com.modelengineers.mxam.ui.common.prefs (Das System kann die angegebene Datei nicht finden)
	at java.io.FileInputStream.open(Native Method)
	at java.io.FileInputStream.<init>(FileInputStream.java:146)
	... 17 more
2020-11-12 10:52:00,826 INFO  [Initialize MXAM] com.modelengineers.mxam.core.MXAM: MXAM Arguments: [C:\Sandbox\Product_Group\SW\Development\FSW_Tools\FSW_TestAutomation\matlab_layer\MXAM_libs\fsw_test_automation_default_mxam_project_config_old.mxmp]
